Total Instructions: 304114926752

RAS: (Correct - Incorrect)

Branch Predictors: (Name - Correct - Incorrect)
  SAT: 25764447011 39087003781
  BTFNT: 45101992621 19749458171
  Nbit-8K-4: 58600952551 6250498241
  Pentium-M: 55746538265 9104912527
  Local-2K-8bit: 48381319921 16470130871
  Local-4K-4bit: 44962913152 19888537640
  Local-8K-2bit: 41760269955 23091180837
  Global-16K-2-2: 60290568001 4560882791
  Global-16K-4-2: 60549881585 4301569207
  Global-8K-2-4: 60525053332 4326397460
  Global-8K-4-4: 60769567121 4081883671
  Alpha21264: 60540229845 4311220947
  T-Nbit-Global-1K: 60224031067 4627419725
  T-Global-Local-1K: 59970061562 4881389230
  T-Nbit-Local-1K: 57869372962 6982077830
  T-Nbit-Global-2K: 60224031061 4627419731

BTB Predictors: (Name - Correct - Incorrect - TargetCorrect)
