Total Instructions: 2070986367415

RAS: (Correct - Incorrect)

Branch Predictors: (Name - Correct - Incorrect)
  SAT: 26179756540 52980565731
  BTFNT: 63777263224 15383059047
  Nbit-8K-4: 72806569333 6353752938
  Pentium-M: 73133583969 6026738302
  Local-2K-8bit: 60035844887 19124477384
  Local-4K-4bit: 56685233921 22475088350
  Local-8K-2bit: 57510356546 21649965725
  Global-16K-2-2: 73935925221 5224397050
  Global-16K-4-2: 74762912332 4397409939
  Global-8K-2-4: 73753083617 5407238654
  Global-8K-4-4: 74934256632 4226065639
  Alpha21264: 74624747518 4535574753
  T-Nbit-Global-1K: 73975443637 5184878634
  T-Global-Local-1K: 73000999072 6159323199
  T-Nbit-Local-1K: 72233330304 6926991967
  T-Nbit-Global-2K: 73975454531 5184867740

BTB Predictors: (Name - Correct - Incorrect - TargetCorrect)
