Total Instructions: 2782892989437

RAS: (Correct - Incorrect)

Branch Predictors: (Name - Correct - Incorrect)
  SAT: 4155678943 162691636
  BTFNT: 4260629430 57741149
  Nbit-8K-4: 4271914816 46455763
  Pentium-M: 4236045508 82325071
  Local-2K-8bit: 4232631413 85739166
  Local-4K-4bit: 4196376180 121994399
  Local-8K-2bit: 4167799111 150571468
  Global-16K-2-2: 4278117854 40252725
  Global-16K-4-2: 4278184656 40185923
  Global-8K-2-4: 4277922488 40448091
  Global-8K-4-4: 4277845554 40525025
  Alpha21264: 4277798196 40572383
  T-Nbit-Global-1K: 4278093540 40277039
  T-Global-Local-1K: 4277060007 41310572
  T-Nbit-Local-1K: 4268092200 50278379
  T-Nbit-Global-2K: 4278093486 40277093

BTB Predictors: (Name - Correct - Incorrect - TargetCorrect)
