Total Instructions: 1516975651597

RAS: (Correct - Incorrect)

Branch Predictors: (Name - Correct - Incorrect)
  SAT: 114398463032 5298771160
  BTFNT: 118674830877 1022403315
  Nbit-8K-4: 118679898844 1017335348
  Pentium-M: 117764356598 1932877594
  Local-2K-8bit: 118043719342 1653514850
  Local-4K-4bit: 115557848907 4139385285
  Local-8K-2bit: 111106138913 8591095279
  Global-16K-2-2: 118703350154 993884038
  Global-16K-4-2: 118703346624 993887568
  Global-8K-2-4: 118702369271 994864921
  Global-8K-2-4: 118702232251 995001941
  Alpha21264: 118703085881 994148311
  T-Nbit-Global-1K: 118703445414 993788778
  T-Global-Local-1K: 118697425056 999809136
  T-Nbit-Local-1K: 118656170272 1041063920
  T-Nbit-Global-2K: 118703443176 993791016

BTB Predictors: (Name - Correct - Incorrect - TargetCorrect)
