Total Instructions: 350259803329

RAS: (Correct - Incorrect)

Branch Predictors: (Name - Correct - Incorrect)
  SAT: 31349570170 20359271043
  BTFNT: 41921436494 9787404719
  Nbit-8K-4: 49204928068 2503913145
  Pentium-M: 47838293928 3870547285
  Local-2K-8bit: 43060404217 8648436996
  Local-4K-4bit: 38684945074 13023896139
  Local-8K-2bit: 37232843942 14475997271
  Global-16K-2-2: 49249663806 2459177407
  Global-16K-4-2: 49259368956 2449472257
  Global-8K-2-4: 49154618603 2554222610
  Global-8K-4-4: 49325429104 2383412109
  Alpha21264: 49188272712 2520568501
  T-Nbit-Global-1K: 49253939770 2454901443
  T-Global-Local-1K: 49129148785 2579692428
  T-Nbit-Local-1K: 49108098271 2600742942
  T-Nbit-Global-2K: 49253941797 2454899416

BTB Predictors: (Name - Correct - Incorrect - TargetCorrect)
