Total Instructions: 875469100679

RAS: (Correct - Incorrect)

Branch Predictors: (Name - Correct - Incorrect)
  SAT: 27398062151 14222655643
  BTFNT: 41328159225 292558569
  Nbit-8K-4: 41446096121 174621673
  Pentium-M: 41391280088 229437706
  Local-2K-8bit: 41230797362 389920432
  Local-4K-4bit: 41165611428 455106366
  Local-8K-2bit: 14162704920 27458012874
  Global-16K-2-2: 41494690657 126027137
  Global-16K-4-2: 41495161948 125555846
  Global-8K-2-4: 41497252082 123465712
  Global-8K-4-4: 41497439242 123278552
  Alpha21264: 41493851828 126865966
  T-Nbit-Global-1K: 41494626743 126091051
  T-Global-Local-1K: 41445875763 174842031
  T-Nbit-Local-1K: 41445123156 175594638
  T-Nbit-Global-2K: 41494629832 126087962

BTB Predictors: (Name - Correct - Incorrect - TargetCorrect)
