Total Instructions: 495495983699

RAS: (Correct - Incorrect)

Branch Predictors: (Name - Correct - Incorrect)
  SAT: 24275868384 8491724245
  BTFNT: 22544642294 10222950335
  Nbit-8K-4: 30293308516 2474284113
  Pentium-M: 30692315928 2075276701
  Local-2K-8bit: 27518399219 5249193410
  Local-4K-4bit: 26110120450 6657472179
  Local-8K-2bit: 25656743008 7110849621
  Global-16K-2-2: 30389659375 2377933254
  Global-16K-4-2: 30968438714 1799153915
  Global-8K-2-4: 30349565287 2418027342
  Global-8K-4-4: 30808362178 1959230451
  Alpha21264: 30878059551 1889533078
  T-Nbit-Global-1K: 30417493231 2350099398
  T-Global-Local-1K: 30273882136 2493710493
  T-Nbit-Local-1K: 30167724530 2599868099
  T-Nbit-Global-2K: 30417625218 2349967411

BTB Predictors: (Name - Correct - Incorrect - TargetCorrect)
