Total Instructions: 1273858825594

RAS: (Correct - Incorrect)

Branch Predictors: (Name - Correct - Incorrect)
  SAT: 527480166 11071876727
  BTFNT: 7860444648 3738912245
  Nbit-8K-4: 11426751569 172605324
  Pentium-M: 11399723604 199633289
  Local-2K-8bit: 11401709428 197647465
  Local-4K-4bit: 11340479682 258877211
  Local-8K-2bit: 11097576332 501780561
  Global-16K-2-2: 11512119422 87237471
  Global-16K-4-2: 11539271646 60085247
  Global-8K-2-4: 11512520047 86836846
  Global-8K-4-4: 11537962878 61394015
  Alpha21264: 11538620763 60736130
  T-Nbit-Global-1K: 11512127628 87229265
  T-Global-Local-1K: 11481012177 118344716
  T-Nbit-Local-1K: 11491520231 107836662
  T-Nbit-Global-2K: 11512127628 87229265

BTB Predictors: (Name - Correct - Incorrect - TargetCorrect)
