Total Instructions: 921151283789

RAS: (Correct - Incorrect)

Branch Predictors: (Name - Correct - Incorrect)
  SAT: 75674030419 161813199836
  BTFNT: 214985685356 22501544899
  Nbit-8K-4: 229667491222 7819739033
  Pentium-M: 227125853005 10361377250
  Local-2K-8bit: 203352768715 34134461540
  Local-4K-4bit: 198550292468 38936937787
  Local-8K-2bit: 164507764065 72979466190
  Global-16K-2-2: 230554801059 6932429196
  Global-16K-4-2: 231296711402 6190518853
  Global-8K-2-4: 230761176257 6726053998
  Global-8K-4-4: 231265071143 6222159112
  Alpha21264: 230861113509 6626116746
  T-Nbit-Global-1K: 230576248818 6910981437
  T-Global-Local-1K: 229565520073 7921710182
  T-Nbit-Local-1K: 229326541148 8160689107
  T-Nbit-Global-2K: 230576632476 6910597779

BTB Predictors: (Name - Correct - Incorrect - TargetCorrect)
