Total Instructions: 288586986985

RAS: (Correct - Incorrect)

Branch Predictors: (Name - Correct - Incorrect)
  Static-AlwaysTaken: 15926492358 22623192259
  BTFNT: 24936316236 13613368381
  FSM-Row-3: 34808956124 3740728493
  Pentium-M: 33775154176 4774530441
  Local-2048ent-8hist: 30865202594 7684482023
  Local-4096ent-4hist: 30198344321 8351340296
  Local-8192ent-2hist: 26781611653 11768072964
  Global-N2-X2-16KPHT: 35025541931 3524142686
  Global-N4-X2-16KPHT: 35101224044 3448460573
  Global-N2-X4-8KPHT: 35063225951 3486458666
  Global-N4-X4-8KPHT: 35248548331 3301136286
  Alpha21264: 35024648929 3525035688
  Tournament-Nbit-8K-2-Global-N2-X2-8KPHT: 35031279556 3518405061
  Tournament-Global-N2-X2-8KPHT-Local-8192ent-2hist: 34848932263 3700752354
  Tournament-Nbit-8K-2-Local-8192ent-2hist: 34729934614 3819750003
  Tournament-Nbit-8K-2-Global-N2-X2-8KPHT: 35031279778 3518404839

BTB Predictors: (Name - Correct - Incorrect - TargetCorrect)
