Total Instructions: 142163540791

RAS: (Correct - Incorrect)

Branch Predictors: (Name - Correct - Incorrect)
  SAT: 12297487692 13572047902
  BTFNT: 18222616467 7646919127
  Nbit-8K-4: 23563126943 2306408651
  Pentium-M: 20768489972 5101045622
  Local-2K-8bit: 18634427293 7235108301
  Local-4K-4bit: 16223307867 9646227727
  Local-8K-2bit: 15660671513 10208864081
  Global-16K-2-2: 23911200490 1958335104
  Global-16K-4-2: 24243724222 1625811372
  Global-8K-2-4: 23965169427 1904366167
  Global-8K-4-4: 24228377525 1641158069
  Alpha21264: 24032178215 1837357379
  T-Nbit-Global-1K: 23927036803 1942498791
  T-Global-Local-1K: 23645088939 2224446655
  T-Nbit-Local-1K: 23432909261 2436626333
  T-Nbit-Global-2K: 23928376367 1941159227

BTB Predictors: (Name - Correct - Incorrect - TargetCorrect)
