Total Instructions: 2181032741723

RAS: (Correct - Incorrect)

Branch Predictors: (Name - Correct - Incorrect)
  Static-AlwaysTaken: 88592482802 34014692150
  BTFNT: 100415738895 22191436057
  FSM-Row-3: 104348872266 18258302686
  Pentium-M: 109216102393 13391072559
  Local-2048ent-8hist: 91031827674 31575347278
  Local-4096ent-4hist: 89121713265 33485461687
  Local-8192ent-2hist: 85561415630 37045759322
  Global-N2-X2-16KPHT: 103518745324 19088429628
  Global-N4-X2-16KPHT: 109797732586 12809442366
  Global-N2-X4-8KPHT: 104678141976 17929032976
  Global-N4-X4-8KPHT: 110812009940 11795165012
  Alpha21264: 110080982145 12526192807
  Tournament-Nbit-8K-2-Global-N2-X2-8KPHT: 104459532118 18147642834
  Tournament-Global-N2-X2-8KPHT-Local-8192ent-2hist: 103990445143 18616729809
  Tournament-Nbit-8K-2-Local-8192ent-2hist: 103555703934 19051471018
  Tournament-Nbit-8K-2-Global-N2-X2-8KPHT: 104459532197 18147642755

BTB Predictors: (Name - Correct - Incorrect - TargetCorrect)
