Total Instructions: 1042736410515

RAS: (Correct - Incorrect)

Branch Predictors: (Name - Correct - Incorrect)
  Static-AlwaysTaken: 34756615127 32132849757
  BTFNT: 45277098965 21612365919
  FSM-Row-3: 58390485729 8498979155
  Pentium-M: 59755855452 7133609432
  Local-2048ent-8hist: 46485564303 20403900581
  Local-4096ent-4hist: 43937062014 22952402870
  Local-8192ent-2hist: 39139848065 27749616819
  Global-N2-X2-16KPHT: 59004911483 7884553401
  Global-N4-X2-16KPHT: 61842249757 5047215127
  Global-N2-X4-8KPHT: 59504407522 7385057362
  Global-N4-X4-8KPHT: 61390116496 5499348388
  Alpha21264: 61618569444 5270895440
  Tournament-Nbit-8K-2-Global-N2-X2-8KPHT: 58472345039 8417119845
  Tournament-Global-N2-X2-8KPHT-Local-8192ent-2hist: 59018934188 7870530696
  Tournament-Nbit-8K-2-Local-8192ent-2hist: 58531115815 8358349069
  Tournament-Nbit-8K-2-Global-N2-X2-8KPHT: 58472600962 8416863922

BTB Predictors: (Name - Correct - Incorrect - TargetCorrect)
