Total Instructions: 304114926752

RAS: (Correct - Incorrect)

Branch Predictors: (Name - Correct - Incorrect)
  Static-AlwaysTaken: 25764447011 39087003781
  BTFNT: 45101992621 19749458171
  FSM-Row-3: 58600952551 6250498241
  Pentium-M: 55746538265 9104912527
  Local-2048ent-8hist: 48381319921 16470130871
  Local-4096ent-4hist: 44962913152 19888537640
  Local-8192ent-2hist: 41760269955 23091180837
  Global-N2-X2-16KPHT: 60290568001 4560882791
  Global-N4-X2-16KPHT: 60549881585 4301569207
  Global-N2-X4-8KPHT: 60525053332 4326397460
  Global-N4-X4-8KPHT: 60769567121 4081883671
  Alpha21264: 60540229845 4311220947
  Tournament-Nbit-8K-2-Global-N2-X2-8KPHT: 60224031067 4627419725
  Tournament-Global-N2-X2-8KPHT-Local-8192ent-2hist: 59970061562 4881389230
  Tournament-Nbit-8K-2-Local-8192ent-2hist: 57869372962 6982077830
  Tournament-Nbit-8K-2-Global-N2-X2-8KPHT: 60224031061 4627419731

BTB Predictors: (Name - Correct - Incorrect - TargetCorrect)
