Total Instructions: 1169067600418

RAS: (Correct - Incorrect)

Branch Predictors: (Name - Correct - Incorrect)
  Static-AlwaysTaken: 36675874190 16584639344
  BTFNT: 37961012224 15299501310
  FSM-Row-3: 38356438390 14904075144
  Pentium-M: 51816461293 1444052241
  Local-2048ent-8hist: 36875373809 16385139725
  Local-4096ent-4hist: 36136675341 17123838193
  Local-8192ent-2hist: 33974049985 19286463549
  Global-N2-X2-16KPHT: 39810354153 13450159381
  Global-N4-X2-16KPHT: 49748013244 3512500290
  Global-N2-X4-8KPHT: 39945800072 13314713462
  Global-N4-X4-8KPHT: 49773846357 3486667177
  Alpha21264: 49750507678 3510005856
  Tournament-Nbit-8K-2-Global-N2-X2-8KPHT: 39938985591 13321527943
  Tournament-Global-N2-X2-8KPHT-Local-8192ent-2hist: 34513687553 18746825981
  Tournament-Nbit-8K-2-Local-8192ent-2hist: 38348845621 14911667913
  Tournament-Nbit-8K-2-Global-N2-X2-8KPHT: 39938985560 13321527974

BTB Predictors: (Name - Correct - Incorrect - TargetCorrect)
