Total Instructions: 2070986367415

RAS: (Correct - Incorrect)

Branch Predictors: (Name - Correct - Incorrect)
  Static-AlwaysTaken: 26179756540 52980565731
  BTFNT: 63777263224 15383059047
  FSM-Row-3: 72806569333 6353752938
  Pentium-M: 73133583969 6026738302
  Local-2048ent-8hist: 60035844887 19124477384
  Local-4096ent-4hist: 56685233921 22475088350
  Local-8192ent-2hist: 57510356546 21649965725
  Global-N2-X2-16KPHT: 73935925221 5224397050
  Global-N4-X2-16KPHT: 74762912332 4397409939
  Global-N2-X4-8KPHT: 73753083617 5407238654
  Global-N4-X4-8KPHT: 74934256632 4226065639
  Alpha21264: 74624747518 4535574753
  Tournament-Nbit-8K-2-Global-N2-X2-8KPHT: 73975443637 5184878634
  Tournament-Global-N2-X2-8KPHT-Local-8192ent-2hist: 73000999072 6159323199
  Tournament-Nbit-8K-2-Local-8192ent-2hist: 72233330304 6926991967
  Tournament-Nbit-8K-2-Global-N2-X2-8KPHT: 73975454531 5184867740

BTB Predictors: (Name - Correct - Incorrect - TargetCorrect)
