Total Instructions: 2782892989437

RAS: (Correct - Incorrect)

Branch Predictors: (Name - Correct - Incorrect)
  Static-AlwaysTaken: 4155678943 162691636
  BTFNT: 4260629430 57741149
  FSM-Row-3: 4271914816 46455763
  Pentium-M: 4236045508 82325071
  Local-2048ent-8hist: 4232631413 85739166
  Local-4096ent-4hist: 4196376180 121994399
  Local-8192ent-2hist: 4167799111 150571468
  Global-N2-X2-16KPHT: 4278117854 40252725
  Global-N4-X2-16KPHT: 4278184656 40185923
  Global-N2-X4-8KPHT: 4277922488 40448091
  Global-N4-X4-8KPHT: 4277845554 40525025
  Alpha21264: 4277798196 40572383
  Tournament-Nbit-8K-2-Global-N2-X2-8KPHT: 4278093540 40277039
  Tournament-Global-N2-X2-8KPHT-Local-8192ent-2hist: 4277060007 41310572
  Tournament-Nbit-8K-2-Local-8192ent-2hist: 4268092200 50278379
  Tournament-Nbit-8K-2-Global-N2-X2-8KPHT: 4278093486 40277093

BTB Predictors: (Name - Correct - Incorrect - TargetCorrect)
