Total Instructions: 1516975651597

RAS: (Correct - Incorrect)

Branch Predictors: (Name - Correct - Incorrect)
  Static-AlwaysTaken: 114398463032 5298771160
  BTFNT: 118674830877 1022403315
  FSM-Row-3: 118679898844 1017335348
  Pentium-M: 117764356598 1932877594
  Local-2048ent-8hist: 118043719342 1653514850
  Local-4096ent-4hist: 115557848907 4139385285
  Local-8192ent-2hist: 111106138913 8591095279
  Global-N2-X2-16KPHT: 118703350154 993884038
  Global-N4-X2-16KPHT: 118703346624 993887568
  Global-N2-X4-8KPHT: 118702369271 994864921
  Global-N4-X4-8KPHT: 118702232251 995001941
  Alpha21264: 118703085881 994148311
  Tournament-Nbit-8K-2-Global-N2-X2-8KPHT: 118703445414 993788778
  Tournament-Global-N2-X2-8KPHT-Local-8192ent-2hist: 118697425056 999809136
  Tournament-Nbit-8K-2-Local-8192ent-2hist: 118656170272 1041063920
  Tournament-Nbit-8K-2-Global-N2-X2-8KPHT: 118703443176 993791016

BTB Predictors: (Name - Correct - Incorrect - TargetCorrect)
