Total Instructions: 350259803329

RAS: (Correct - Incorrect)

Branch Predictors: (Name - Correct - Incorrect)
  Static-AlwaysTaken: 31349570170 20359271043
  BTFNT: 41921436494 9787404719
  FSM-Row-3: 49204928068 2503913145
  Pentium-M: 47838293928 3870547285
  Local-2048ent-8hist: 43060404217 8648436996
  Local-4096ent-4hist: 38684945074 13023896139
  Local-8192ent-2hist: 37232843942 14475997271
  Global-N2-X2-16KPHT: 49249663806 2459177407
  Global-N4-X2-16KPHT: 49259368956 2449472257
  Global-N2-X4-8KPHT: 49154618603 2554222610
  Global-N4-X4-8KPHT: 49325429104 2383412109
  Alpha21264: 49188272712 2520568501
  Tournament-Nbit-8K-2-Global-N2-X2-8KPHT: 49253939770 2454901443
  Tournament-Global-N2-X2-8KPHT-Local-8192ent-2hist: 49129148785 2579692428
  Tournament-Nbit-8K-2-Local-8192ent-2hist: 49108098271 2600742942
  Tournament-Nbit-8K-2-Global-N2-X2-8KPHT: 49253941797 2454899416

BTB Predictors: (Name - Correct - Incorrect - TargetCorrect)
