Total Instructions: 875469100679

RAS: (Correct - Incorrect)

Branch Predictors: (Name - Correct - Incorrect)
  Static-AlwaysTaken: 27398062151 14222655643
  BTFNT: 41328159225 292558569
  FSM-Row-3: 41446096121 174621673
  Pentium-M: 41391280088 229437706
  Local-2048ent-8hist: 41230797362 389920432
  Local-4096ent-4hist: 41165611428 455106366
  Local-8192ent-2hist: 14162704920 27458012874
  Global-N2-X2-16KPHT: 41494690657 126027137
  Global-N4-X2-16KPHT: 41495161948 125555846
  Global-N2-X4-8KPHT: 41497252082 123465712
  Global-N4-X4-8KPHT: 41497439242 123278552
  Alpha21264: 41493851828 126865966
  Tournament-Nbit-8K-2-Global-N2-X2-8KPHT: 41494626743 126091051
  Tournament-Global-N2-X2-8KPHT-Local-8192ent-2hist: 41445875763 174842031
  Tournament-Nbit-8K-2-Local-8192ent-2hist: 41445123156 175594638
  Tournament-Nbit-8K-2-Global-N2-X2-8KPHT: 41494629832 126087962

BTB Predictors: (Name - Correct - Incorrect - TargetCorrect)
