Total Instructions: 1475063745016

RAS: (Correct - Incorrect)

Branch Predictors: (Name - Correct - Incorrect)
  SAT: 33969480578 7764018473
  BTFNT: 36625742719 5107756332
  Nbit-8K-4: 41279821281 453677770
  Pentium-M: 40842745068 890753983
  Local-2K-8bit: 37125791296 4607707755
  Local-4K-4bit: 35866689336 5866809715
  Local-8K-2bit: 35268537912 6464961139
  Global-16K-2-2: 41282927530 450571521
  Global-16K-4-2: 41343825936 389673115
  Global-8K-2-4: 41298834290 434664761
  Global-8K-4-4: 41347248505 386250546
  Alpha21264: 41341920513 391578538
  T-Nbit-Global-1K: 41297585684 435913367
  T-Global-Local-1K: 41284194727 449304324
  T-Nbit-Local-1K: 41268766525 464732526
  T-Nbit-Global-2K: 41297716868 435782183

BTB Predictors: (Name - Correct - Incorrect - TargetCorrect)
