Total Instructions: 495495983699

RAS: (Correct - Incorrect)

Branch Predictors: (Name - Correct - Incorrect)
  Static-AlwaysTaken: 24275868384 8491724245
  BTFNT: 22544642294 10222950335
  FSM-Row-3: 30293308516 2474284113
  Pentium-M: 30692315928 2075276701
  Local-2048ent-8hist: 27518399219 5249193410
  Local-4096ent-4hist: 26110120450 6657472179
  Local-8192ent-2hist: 25656743008 7110849621
  Global-N2-X2-16KPHT: 30389659375 2377933254
  Global-N4-X2-16KPHT: 30968438714 1799153915
  Global-N2-X4-8KPHT: 30349565287 2418027342
  Global-N4-X4-8KPHT: 30808362178 1959230451
  Alpha21264: 30878059551 1889533078
  Tournament-Nbit-8K-2-Global-N2-X2-8KPHT: 30417493231 2350099398
  Tournament-Global-N2-X2-8KPHT-Local-8192ent-2hist: 30273882136 2493710493
  Tournament-Nbit-8K-2-Local-8192ent-2hist: 30167724530 2599868099
  Tournament-Nbit-8K-2-Global-N2-X2-8KPHT: 30417625218 2349967411

BTB Predictors: (Name - Correct - Incorrect - TargetCorrect)
