Total Instructions: 1273858825594

RAS: (Correct - Incorrect)

Branch Predictors: (Name - Correct - Incorrect)
  Static-AlwaysTaken: 527480166 11071876727
  BTFNT: 7860444648 3738912245
  FSM-Row-3: 11426751569 172605324
  Pentium-M: 11399723604 199633289
  Local-2048ent-8hist: 11401709428 197647465
  Local-4096ent-4hist: 11340479682 258877211
  Local-8192ent-2hist: 11097576332 501780561
  Global-N2-X2-16KPHT: 11512119422 87237471
  Global-N4-X2-16KPHT: 11539271646 60085247
  Global-N2-X4-8KPHT: 11512520047 86836846
  Global-N4-X4-8KPHT: 11537962878 61394015
  Alpha21264: 11538620763 60736130
  Tournament-Nbit-8K-2-Global-N2-X2-8KPHT: 11512127628 87229265
  Tournament-Global-N2-X2-8KPHT-Local-8192ent-2hist: 11481012177 118344716
  Tournament-Nbit-8K-2-Local-8192ent-2hist: 11491520231 107836662
  Tournament-Nbit-8K-2-Global-N2-X2-8KPHT: 11512127628 87229265

BTB Predictors: (Name - Correct - Incorrect - TargetCorrect)
