Total Instructions: 564559321274

RAS: (Correct - Incorrect)

Branch Predictors: (Name - Correct - Incorrect)
  SAT: 28924545267 64483678043
  BTFNT: 58264509250 35143714060
  Nbit-8K-4: 85794565160 7613658150
  Pentium-M: 86043754056 7364469254
  Local-2K-8bit: 64968527733 28439695577
  Local-4K-4bit: 59946196713 33462026597
  Local-8K-2bit: 60891215590 32517007720
  Global-16K-2-2: 87488213945 5920009365
  Global-16K-4-2: 87837641500 5570581810
  Global-8K-2-4: 87948000351 5460222959
  Global-8K-2-4: 87998698441 5409524869
  Alpha21264: 87521287352 5886935958
  T-Nbit-Global-1K: 87559871597 5848351713
  T-Global-Local-1K: 87388165060 6020058250
  T-Nbit-Local-1K: 86577349956 6830873354
  T-Nbit-Global-2K: 87559945782 5848277528

BTB Predictors: (Name - Correct - Incorrect - TargetCorrect)
