Total Instructions: 921151283789

RAS: (Correct - Incorrect)

Branch Predictors: (Name - Correct - Incorrect)
  Static-AlwaysTaken: 75674030419 161813199836
  BTFNT: 214985685356 22501544899
  FSM-Row-3: 229667491222 7819739033
  Pentium-M: 227125853005 10361377250
  Local-2048ent-8hist: 203352768715 34134461540
  Local-4096ent-4hist: 198550292468 38936937787
  Local-8192ent-2hist: 164507764065 72979466190
  Global-N2-X2-16KPHT: 230554801059 6932429196
  Global-N4-X2-16KPHT: 231296711402 6190518853
  Global-N2-X4-8KPHT: 230761176257 6726053998
  Global-N4-X4-8KPHT: 231265071143 6222159112
  Alpha21264: 230861113509 6626116746
  Tournament-Nbit-8K-2-Global-N2-X2-8KPHT: 230576248818 6910981437
  Tournament-Global-N2-X2-8KPHT-Local-8192ent-2hist: 229565520073 7921710182
  Tournament-Nbit-8K-2-Local-8192ent-2hist: 229326541148 8160689107
  Tournament-Nbit-8K-2-Global-N2-X2-8KPHT: 230576632476 6910597779

BTB Predictors: (Name - Correct - Incorrect - TargetCorrect)
